{"name":"searchTest","status":"broken","statusDetails":{"known":false,"muted":false,"flaky":false,"message":"Expected condition failed: waiting for visibility of element located by By.cssSelector: div#search input (tried for 10 second(s) with 500 milliseconds interval)","trace":"org.openqa.selenium.TimeoutException: Expected condition failed: waiting for visibility of element located by By.cssSelector: div#search input (tried for 10 second(s) with 500 milliseconds interval)\r\n\tat org.openqa.selenium.support.ui.WebDriverWait.timeoutException(WebDriverWait.java:95)\r\n\tat org.openqa.selenium.support.ui.FluentWait.until(FluentWait.java:272)\r\n\tat com.democart.utils.ElementUtil.waitForElementVisible(ElementUtil.java:202)\r\n\tat com.democart.pages.AccountsPage.doSearch(AccountsPage.java:57)\r\n\tat com.democart.tests.AccountsPageTest.searchTest(AccountsPageTest.java:61)\r\n\tat java.base/jdk.internal.reflect.NativeMethodAccessorImpl.invoke0(Native Method)\r\n\tat java.base/jdk.internal.reflect.NativeMethodAccessorImpl.invoke(NativeMethodAccessorImpl.java:64)\r\n\tat java.base/jdk.internal.reflect.DelegatingMethodAccessorImpl.invoke(DelegatingMethodAccessorImpl.java:43)\r\n\tat java.base/java.lang.reflect.Method.invoke(Method.java:564)\r\n\tat org.testng.internal.MethodInvocationHelper.invokeMethod(MethodInvocationHelper.java:124)\r\n\tat org.testng.internal.Invoker.invokeMethod(Invoker.java:583)\r\n\tat org.testng.internal.Invoker.invokeTestMethod(Invoker.java:719)\r\n\tat org.testng.internal.Invoker.invokeTestMethods(Invoker.java:989)\r\n\tat org.testng.internal.TestMethodWorker.invokeTestMethods(TestMethodWorker.java:125)\r\n\tat org.testng.internal.TestMethodWorker.run(TestMethodWorker.java:109)\r\n\tat org.testng.TestRunner.privateRun(TestRunner.java:648)\r\n\tat org.testng.TestRunner.run(TestRunner.java:505)\r\n\tat org.testng.SuiteRunner.runTest(SuiteRunner.java:455)\r\n\tat org.testng.SuiteRunner.access$000(SuiteRunner.java:40)\r\n\tat org.testng.SuiteRunner$SuiteWorker.run(SuiteRunner.java:489)\r\n\tat org.testng.internal.thread.ThreadUtil$1.call(ThreadUtil.java:52)\r\n\tat java.base/java.util.concurrent.FutureTask.run(FutureTask.java:264)\r\n\tat java.base/java.util.concurrent.ThreadPoolExecutor.runWorker(ThreadPoolExecutor.java:1130)\r\n\tat java.base/java.util.concurrent.ThreadPoolExecutor$Worker.run(ThreadPoolExecutor.java:630)\r\n\tat java.base/java.lang.Thread.run(Thread.java:832)\r\nCaused by: org.openqa.selenium.NoSuchElementException: no such element: Unable to locate element: {\"method\":\"css selector\",\"selector\":\"div#search input\"}\n  (Session info: chrome=90.0.4430.85)\nFor documentation on this error, please visit: https://www.seleniumhq.org/exceptions/no_such_element.html\nBuild info: version: '3.141.59', revision: 'e82be7d358', time: '2018-11-14T08:17:03'\nSystem info: host: 'FG2000122000', ip: '172.28.32.1', os.name: 'Windows 10', os.arch: 'amd64', os.version: '10.0', java.version: '15.0.1'\nDriver info: org.openqa.selenium.remote.RemoteWebDriver\nCapabilities {acceptInsecureCerts: false, browserName: chrome, browserVersion: 90.0.4430.85, chrome: {chromedriverVersion: 90.0.4430.24 (4c6d850f087da..., userDataDir: /tmp/.com.google.Chrome.Vg1a01}, goog:chromeOptions: {debuggerAddress: localhost:43581}, javascriptEnabled: true, networkConnectionEnabled: false, pageLoadStrategy: normal, platform: LINUX, platformName: LINUX, proxy: Proxy(), setWindowRect: true, strictFileInteractability: false, timeouts: {implicit: 0, pageLoad: 300000, script: 30000}, unhandledPromptBehavior: dismiss and notify, webauthn:extension:largeBlob: true, webauthn:virtualAuthenticators: true, webdriver.remote.sessionid: 4755296e8207f6e154bff87e82e...}\nSession ID: 4755296e8207f6e154bff87e82e5c401\n*** Element info: {Using=css selector, value=div#search input}\r\n\tat jdk.internal.reflect.GeneratedConstructorAccessor25.newInstance(Unknown Source)\r\n\tat java.base/jdk.internal.reflect.DelegatingConstructorAccessorImpl.newInstance(DelegatingConstructorAccessorImpl.java:45)\r\n\tat java.base/java.lang.reflect.Constructor.newInstanceWithCaller(Constructor.java:500)\r\n\tat java.base/java.lang.reflect.Constructor.newInstance(Constructor.java:481)\r\n\tat org.openqa.selenium.remote.http.W3CHttpResponseCodec.createException(W3CHttpResponseCodec.java:187)\r\n\tat org.openqa.selenium.remote.http.W3CHttpResponseCodec.decode(W3CHttpResponseCodec.java:122)\r\n\tat org.openqa.selenium.remote.http.W3CHttpResponseCodec.decode(W3CHttpResponseCodec.java:49)\r\n\tat org.openqa.selenium.remote.HttpCommandExecutor.execute(HttpCommandExecutor.java:158)\r\n\tat org.openqa.selenium.remote.RemoteWebDriver.execute(RemoteWebDriver.java:552)\r\n\tat org.openqa.selenium.remote.RemoteWebDriver.findElement(RemoteWebDriver.java:323)\r\n\tat org.openqa.selenium.remote.RemoteWebDriver.findElementByCssSelector(RemoteWebDriver.java:420)\r\n\tat org.openqa.selenium.By$ByCssSelector.findElement(By.java:431)\r\n\tat org.openqa.selenium.remote.RemoteWebDriver.findElement(RemoteWebDriver.java:315)\r\n\tat org.openqa.selenium.support.ui.ExpectedConditions$7.apply(ExpectedConditions.java:205)\r\n\tat org.openqa.selenium.support.ui.ExpectedConditions$7.apply(ExpectedConditions.java:201)\r\n\tat org.openqa.selenium.support.ui.FluentWait.until(FluentWait.java:249)\r\n\t... 23 more\r\n"},"stage":"finished","description":"Verify Product Search Test","steps":[],"attachments":[{"name":"Page screenshot","source":"29e99536-6243-48e2-840f-1962e1985d84-attachment","type":"image/png"},{"name":"searchTest failed and screenshot taken!","source":"d304da32-6d98-4d78-9780-3ee5bd28be01-attachment","type":"text/plain"}],"parameters":[{"name":"arg0","value":"iPhone"}],"start":1620657863114,"stop":1620657873903,"uuid":"b527f0db-ba35-41ed-a18a-ebc253e76746","historyId":"88f5b3ffe601c06a9cb0ab4c852ed6a8","fullName":"com.democart.tests.AccountsPageTest.searchTest","labels":[{"name":"package","value":"com.democart.tests.AccountsPageTest"},{"name":"testClass","value":"com.democart.tests.AccountsPageTest"},{"name":"testMethod","value":"searchTest"},{"name":"parentSuite","value":"Democart Automation REgression Suite"},{"name":"suite","value":"Accounts Page Test"},{"name":"subSuite","value":"com.democart.tests.AccountsPageTest"},{"name":"host","value":"FG2000122000"},{"name":"thread","value":"16512@FG2000122000.TestNG-tests-2(18)"},{"name":"framework","value":"testng"},{"name":"language","value":"java"},{"name":"epic","value":"Epic 200: Design Full Account Page for Democart Application"},{"name":"story","value":"UserStory 201 : Account Page feature testing"},{"name":"severity","value":"critical"}],"links":[]}