{"name":"testForgotPasswordTitle","status":"skipped","statusDetails":{"known":false,"muted":false,"flaky":false,"message":"Unable to parse remote response: <!DOCTYPE html>\n<html>\n<head>\n  <meta charset=\"utf-8\">\n  <title>Zalenium - 504\n  \n    - Gateway Timeout\n  \n  </title>\n  <meta name=\"viewport\" content=\"width=device-width, initial-scale=1\">\n  <style>\n    h1 { text-align: center; }\n    address { text-align: center; }\n  </style>\n</head>\n<body>\n  <h1>504\n  \n    - Gateway Timeout\n  \n  </h1>\n<hr>\n<address>nginx/1.10.3 - Zalenium 3.141.59z</address>\n</body>\n</html>\n","trace":"org.openqa.selenium.WebDriverException: Unable to parse remote response: <!DOCTYPE html>\n<html>\n<head>\n  <meta charset=\"utf-8\">\n  <title>Zalenium - 504\n  \n    - Gateway Timeout\n  \n  </title>\n  <meta name=\"viewport\" content=\"width=device-width, initial-scale=1\">\n  <style>\n    h1 { text-align: center; }\n    address { text-align: center; }\n  </style>\n</head>\n<body>\n  <h1>504\n  \n    - Gateway Timeout\n  \n  </h1>\n<hr>\n<address>nginx/1.10.3 - Zalenium 3.141.59z</address>\n</body>\n</html>\n\r\n\tat org.openqa.selenium.remote.ProtocolHandshake.createSession(ProtocolHandshake.java:115)\r\n\tat org.openqa.selenium.remote.ProtocolHandshake.createSession(ProtocolHandshake.java:74)\r\n\tat org.openqa.selenium.remote.HttpCommandExecutor.execute(HttpCommandExecutor.java:136)\r\n\tat org.openqa.selenium.remote.RemoteWebDriver.execute(RemoteWebDriver.java:552)\r\n\tat org.openqa.selenium.remote.RemoteWebDriver.startSession(RemoteWebDriver.java:213)\r\n\tat org.openqa.selenium.remote.RemoteWebDriver.<init>(RemoteWebDriver.java:131)\r\n\tat org.openqa.selenium.remote.RemoteWebDriver.<init>(RemoteWebDriver.java:144)\r\n\tat com.democart.factory.DriverFactory.init_remoteDriver(DriverFactory.java:84)\r\n\tat com.democart.factory.DriverFactory.init_driver(DriverFactory.java:40)\r\n\tat com.democart.base.BaseTest.setUp(BaseTest.java:31)\r\n\tat java.base/jdk.internal.reflect.NativeMethodAccessorImpl.invoke0(Native Method)\r\n\tat java.base/jdk.internal.reflect.NativeMethodAccessorImpl.invoke(NativeMethodAccessorImpl.java:64)\r\n\tat java.base/jdk.internal.reflect.DelegatingMethodAccessorImpl.invoke(DelegatingMethodAccessorImpl.java:43)\r\n\tat java.base/java.lang.reflect.Method.invoke(Method.java:564)\r\n\tat org.testng.internal.MethodInvocationHelper.invokeMethod(MethodInvocationHelper.java:124)\r\n\tat org.testng.internal.MethodInvocationHelper.invokeMethodConsideringTimeout(MethodInvocationHelper.java:59)\r\n\tat org.testng.internal.Invoker.invokeConfigurationMethod(Invoker.java:458)\r\n\tat org.testng.internal.Invoker.invokeConfigurations(Invoker.java:222)\r\n\tat org.testng.internal.Invoker.invokeConfigurations(Invoker.java:142)\r\n\tat org.testng.TestRunner.beforeRun(TestRunner.java:529)\r\n\tat org.testng.TestRunner.run(TestRunner.java:497)\r\n\tat org.testng.SuiteRunner.runTest(SuiteRunner.java:455)\r\n\tat org.testng.SuiteRunner.access$000(SuiteRunner.java:40)\r\n\tat org.testng.SuiteRunner$SuiteWorker.run(SuiteRunner.java:489)\r\n\tat org.testng.internal.thread.ThreadUtil$1.call(ThreadUtil.java:52)\r\n\tat java.base/java.util.concurrent.FutureTask.run(FutureTask.java:264)\r\n\tat java.base/java.util.concurrent.ThreadPoolExecutor.runWorker(ThreadPoolExecutor.java:1130)\r\n\tat java.base/java.util.concurrent.ThreadPoolExecutor$Worker.run(ThreadPoolExecutor.java:630)\r\n\tat java.base/java.lang.Thread.run(Thread.java:832)\r\nCaused by: org.openqa.selenium.json.JsonException: Unable to determine type from: <. Last 1 characters read: <\nBuild info: version: '3.141.59', revision: 'e82be7d358', time: '2018-11-14T08:17:03'\nSystem info: host: 'FG2000122000', ip: '172.28.32.1', os.name: 'Windows 10', os.arch: 'amd64', os.version: '10.0', java.version: '15.0.1'\nDriver info: driver.version: RemoteWebDriver\r\n\tat org.openqa.selenium.json.JsonInput.peek(JsonInput.java:122)\r\n\tat org.openqa.selenium.json.JsonTypeCoercer.lambda$null$6(JsonTypeCoercer.java:140)\r\n\tat org.openqa.selenium.json.JsonTypeCoercer.coerce(JsonTypeCoercer.java:126)\r\n\tat org.openqa.selenium.json.Json.toType(Json.java:69)\r\n\tat org.openqa.selenium.json.Json.toType(Json.java:55)\r\n\tat org.openqa.selenium.json.Json.toType(Json.java:50)\r\n\tat org.openqa.selenium.remote.ProtocolHandshake.createSession(ProtocolHandshake.java:112)\r\n\t... 28 more\r\n"},"stage":"finished","description":"Verify Forgot Password Title Test","steps":[],"attachments":[],"parameters":[],"start":1620751117643,"stop":1620751117644,"uuid":"c82a5281-c887-4fb3-adb2-e1e0663bf9ee","historyId":"3af53e94284c6ef89935bcd0e2a28da1","fullName":"com.democart.tests.LoginPageTest.testForgotPasswordTitle","labels":[{"name":"package","value":"com.democart.tests.LoginPageTest"},{"name":"testClass","value":"com.democart.tests.LoginPageTest"},{"name":"testMethod","value":"testForgotPasswordTitle"},{"name":"parentSuite","value":"Democart Automation REgression Suite"},{"name":"suite","value":"Login Page Test"},{"name":"subSuite","value":"com.democart.tests.LoginPageTest"},{"name":"host","value":"FG2000122000"},{"name":"thread","value":"17792@FG2000122000.TestNG-tests-3(20)"},{"name":"framework","value":"testng"},{"name":"language","value":"java"},{"name":"epic","value":"Epic 200: Design Full Account Page for Democart Application"},{"name":"story","value":"UserStory 202 : Login Page feature testing"},{"name":"severity","value":"minor"}],"links":[]}